<?xml version="1.0" encoding="UTF-8"?>
<!-- Generated by org.testng.reporters.JUnitReportReporter -->
<testsuite hostname="DESKTOP-JJ90HMT" failures="0" tests="2" name="PageTestClass.Logintest" time="8.548" errors="0" timestamp="2025-07-12T17:48:50 IST" skipped="0">
  <testcase classname="PageTestClass.Logintest" name="testLoginPage" time="8.525"/>
  <testcase classname="PageTestClass.Logintest" name="testGetTitle" time="0.023"/>
</testsuite> <!-- PageTestClass.Logintest -->
